<?xml version="1.0" encoding="UTF-8"?>
<!-- Generated by org.testng.reporters.JUnitXMLReporter -->
<testsuite hostname="DESKTOP-Q1EP7JF" ignored="0" name="TestRunner-3" tests="2" failures="0" timestamp="2021-05-04T11:06:45 IST" time="101.176" errors="0">
  <testcase name="AdvanceSearch" time="58.047" classname="Opportunity.TC_32_SearchWithDropdownExpectedCloseDate_Test"/>
  <testcase name="AdvanceSearchRelatedTo" time="58.3" classname="Opportunity.TC_33_SearchWithDropdownAssignedTo_Test"/>
</testsuite> <!-- TestRunner-3 -->
