<?xml version="1.0" encoding="UTF-8"?>
<!-- Generated by org.testng.reporters.JUnitXMLReporter -->
<testsuite hostname="DESKTOP-Q1EP7JF" ignored="18" name="Test" tests="3" failures="0" timestamp="2021-05-04T12:33:56 IST" time="126.661" errors="0">
  <testcase name="AdvanceSearchRelatedTo" time="25.862" classname="Opportunity.TC_33_SearchWithDropdownAssignedTo_Test"/>
  <testcase name="CreateFilter" time="31.349" classname="Opportunity.TC_31_SearchWithDropdownRelatedTo_Test"/>
  <testcase name="AdvanceSearch" time="21.925" classname="Opportunity.TC_32_SearchWithDropdownExpectedCloseDate_Test"/>
  <testcase name="AdvanceSearchRelatedTo" time="0.0" classname="Opportunity.TC_34__SearchWithDropdownSalesStage_Test">
    <ignored/>
  </testcase> <!-- AdvanceSearchRelatedTo -->
  <testcase name="@BeforeSuite ConfiqBS" time="0.0" classname="com.crm.vtiger.GenericLibrary.BaseClass">
    <ignored/>
  </testcase> <!-- @BeforeSuite ConfiqBS -->
  <testcase name="@BeforeSuite ConfiqBS" time="0.0" classname="com.crm.vtiger.GenericLibrary.BaseClass">
    <ignored/>
  </testcase> <!-- @BeforeSuite ConfiqBS -->
  <testcase name="@BeforeSuite ConfiqBS" time="0.0" classname="com.crm.vtiger.GenericLibrary.BaseClass">
    <ignored/>
  </testcase> <!-- @BeforeSuite ConfiqBS -->
  <testcase name="@BeforeSuite ConfiqBS" time="0.0" classname="com.crm.vtiger.GenericLibrary.BaseClass">
    <ignored/>
  </testcase> <!-- @BeforeSuite ConfiqBS -->
  <testcase name="@AfterTest ConfiqAT" time="0.0" classname="com.crm.vtiger.GenericLibrary.BaseClass">
    <ignored/>
  </testcase> <!-- @AfterTest ConfiqAT -->
  <testcase name="@AfterTest ConfiqAT" time="0.0" classname="com.crm.vtiger.GenericLibrary.BaseClass">
    <ignored/>
  </testcase> <!-- @AfterTest ConfiqAT -->
  <testcase name="@AfterTest ConfiqAT" time="0.0" classname="com.crm.vtiger.GenericLibrary.BaseClass">
    <ignored/>
  </testcase> <!-- @AfterTest ConfiqAT -->
  <testcase name="@AfterTest ConfiqAT" time="0.0" classname="com.crm.vtiger.GenericLibrary.BaseClass">
    <ignored/>
  </testcase> <!-- @AfterTest ConfiqAT -->
  <testcase name="@BeforeTest ConfiqBT" time="0.0" classname="com.crm.vtiger.GenericLibrary.BaseClass">
    <ignored/>
  </testcase> <!-- @BeforeTest ConfiqBT -->
  <testcase name="@BeforeTest ConfiqBT" time="0.0" classname="com.crm.vtiger.GenericLibrary.BaseClass">
    <ignored/>
  </testcase> <!-- @BeforeTest ConfiqBT -->
  <testcase name="@BeforeTest ConfiqBT" time="0.0" classname="com.crm.vtiger.GenericLibrary.BaseClass">
    <ignored/>
  </testcase> <!-- @BeforeTest ConfiqBT -->
  <testcase name="@BeforeTest ConfiqBT" time="0.0" classname="com.crm.vtiger.GenericLibrary.BaseClass">
    <ignored/>
  </testcase> <!-- @BeforeTest ConfiqBT -->
  <testcase name="@AfterSuite ConfiqAS" time="0.0" classname="com.crm.vtiger.GenericLibrary.BaseClass">
    <ignored/>
  </testcase> <!-- @AfterSuite ConfiqAS -->
  <testcase name="@AfterSuite ConfiqAS" time="0.0" classname="com.crm.vtiger.GenericLibrary.BaseClass">
    <ignored/>
  </testcase> <!-- @AfterSuite ConfiqAS -->
  <testcase name="@AfterSuite ConfiqAS" time="0.0" classname="com.crm.vtiger.GenericLibrary.BaseClass">
    <ignored/>
  </testcase> <!-- @AfterSuite ConfiqAS -->
  <testcase name="@AfterSuite ConfiqAS" time="0.0" classname="com.crm.vtiger.GenericLibrary.BaseClass">
    <ignored/>
  </testcase> <!-- @AfterSuite ConfiqAS -->
  <testcase name="AdvanceSearchRelatedTo" time="0.0" classname="Opportunity.TC_35__SearchWithDropdownRelatedToandSecondDropdownEqual_Test">
    <ignored/>
  </testcase> <!-- AdvanceSearchRelatedTo -->
</testsuite> <!-- Test -->
