<?xml version="1.0" encoding="UTF-8"?>
<testng-results skipped="0" failed="1" ignored="0" total="1" passed="0">
  <reporter-output>
  </reporter-output>
  <suite name="Default suite" duration-ms="52585" started-at="2021-05-06T16:51:41 IST" finished-at="2021-05-06T16:52:34 IST">
    <groups>
    </groups>
    <test name="Default test" duration-ms="52585" started-at="2021-05-06T16:51:41 IST" finished-at="2021-05-06T16:52:34 IST">
      <class name="TestCases.TC_31">
        <test-method status="PASS" signature="ConfiqBS()[pri:0, instance:TestCases.TC_31@670b40af]" name="ConfiqBS" is-config="true" duration-ms="20" started-at="2021-05-06T16:51:41 IST" finished-at="2021-05-06T16:51:41 IST">
          <reporter-output>
          </reporter-output>
        </test-method> <!-- ConfiqBS -->
        <test-method status="PASS" signature="ConfiqBT()[pri:0, instance:TestCases.TC_31@670b40af]" name="ConfiqBT" is-config="true" duration-ms="2" started-at="2021-05-06T16:51:41 IST" finished-at="2021-05-06T16:51:41 IST">
          <reporter-output>
          </reporter-output>
        </test-method> <!-- ConfiqBT -->
        <test-method status="PASS" signature="ConfiqBC()[pri:0, instance:TestCases.TC_31@670b40af]" name="ConfiqBC" is-config="true" duration-ms="5599" started-at="2021-05-06T16:51:41 IST" finished-at="2021-05-06T16:51:47 IST">
          <reporter-output>
          </reporter-output>
        </test-method> <!-- ConfiqBC -->
        <test-method status="PASS" signature="Setup()[pri:0, instance:TestCases.TC_31@670b40af]" name="Setup" is-config="true" duration-ms="10750" started-at="2021-05-06T16:51:47 IST" finished-at="2021-05-06T16:51:57 IST">
          <reporter-output>
          </reporter-output>
        </test-method> <!-- Setup -->
        <test-method status="FAIL" signature="CreateOrg()[pri:0, instance:TestCases.TC_31@670b40af]" name="CreateOrg" duration-ms="34130" started-at="2021-05-06T16:51:57 IST" finished-at="2021-05-06T16:52:32 IST">
          <exception class="org.openqa.selenium.NoSuchElementException">
            <message>
              <![CDATA[no such element: Unable to locate element: {"method":"css selector","selector":"*[name='potentialname']"}
  (Session info: chrome=90.0.4430.93)
For documentation on this error, please visit: https://www.seleniumhq.org/exceptions/no_such_element.html
Build info: version: '3.141.59', revision: 'e82be7d358', time: '2018-11-14T08:17:03'
System info: host: 'DESKTOP-Q1EP7JF', ip: '192.168.43.169', os.name: 'Windows 10', os.arch: 'amd64', os.version: '10.0', java.version: '1.8.0_271'
Driver info: org.openqa.selenium.chrome.ChromeDriver
Capabilities {acceptInsecureCerts: false, browserName: chrome, browserVersion: 90.0.4430.93, chrome: {chromedriverVersion: 89.0.4389.23 (61b08ee2c5002..., userDataDir: C:\Users\Mulla\AppData\Loca...}, goog:chromeOptions: {debuggerAddress: localhost:55085}, javascriptEnabled: true, networkConnectionEnabled: false, pageLoadStrategy: normal, platform: WINDOWS, platformName: WINDOWS, proxy: Proxy(), setWindowRect: true, strictFileInteractability: false, timeouts: {implicit: 0, pageLoad: 300000, script: 30000}, unhandledPromptBehavior: dismiss and notify, webauthn:extension:largeBlob: true, webauthn:virtualAuthenticators: true}
Session ID: 9d444c3604d5d17b00da3f0fcf918832
*** Element info: {Using=name, value=potentialname}]]>
            </message>
            <full-stacktrace>
              <![CDATA[org.openqa.selenium.NoSuchElementException: no such element: Unable to locate element: {"method":"css selector","selector":"*[name='potentialname']"}
  (Session info: chrome=90.0.4430.93)
For documentation on this error, please visit: https://www.seleniumhq.org/exceptions/no_such_element.html
Build info: version: '3.141.59', revision: 'e82be7d358', time: '2018-11-14T08:17:03'
System info: host: 'DESKTOP-Q1EP7JF', ip: '192.168.43.169', os.name: 'Windows 10', os.arch: 'amd64', os.version: '10.0', java.version: '1.8.0_271'
Driver info: org.openqa.selenium.chrome.ChromeDriver
Capabilities {acceptInsecureCerts: false, browserName: chrome, browserVersion: 90.0.4430.93, chrome: {chromedriverVersion: 89.0.4389.23 (61b08ee2c5002..., userDataDir: C:\Users\Mulla\AppData\Loca...}, goog:chromeOptions: {debuggerAddress: localhost:55085}, javascriptEnabled: true, networkConnectionEnabled: false, pageLoadStrategy: normal, platform: WINDOWS, platformName: WINDOWS, proxy: Proxy(), setWindowRect: true, strictFileInteractability: false, timeouts: {implicit: 0, pageLoad: 300000, script: 30000}, unhandledPromptBehavior: dismiss and notify, webauthn:extension:largeBlob: true, webauthn:virtualAuthenticators: true}
Session ID: 9d444c3604d5d17b00da3f0fcf918832
*** Element info: {Using=name, value=potentialname}
at sun.reflect.NativeConstructorAccessorImpl.newInstance0(Native Method)
at sun.reflect.NativeConstructorAccessorImpl.newInstance(Unknown Source)
at sun.reflect.DelegatingConstructorAccessorImpl.newInstance(Unknown Source)
at java.lang.reflect.Constructor.newInstance(Unknown Source)
at org.openqa.selenium.remote.http.W3CHttpResponseCodec.createException(W3CHttpResponseCodec.java:187)
at org.openqa.selenium.remote.http.W3CHttpResponseCodec.decode(W3CHttpResponseCodec.java:122)
at org.openqa.selenium.remote.http.W3CHttpResponseCodec.decode(W3CHttpResponseCodec.java:49)
at org.openqa.selenium.remote.HttpCommandExecutor.execute(HttpCommandExecutor.java:158)
at org.openqa.selenium.remote.service.DriverCommandExecutor.execute(DriverCommandExecutor.java:83)
at org.openqa.selenium.remote.RemoteWebDriver.execute(RemoteWebDriver.java:552)
at org.openqa.selenium.remote.RemoteWebDriver.findElement(RemoteWebDriver.java:323)
at org.openqa.selenium.remote.RemoteWebDriver.findElementByName(RemoteWebDriver.java:404)
at org.openqa.selenium.By$ByName.findElement(By.java:284)
at org.openqa.selenium.remote.RemoteWebDriver.findElement(RemoteWebDriver.java:315)
at org.openqa.selenium.support.pagefactory.DefaultElementLocator.findElement(DefaultElementLocator.java:69)
at org.openqa.selenium.support.pagefactory.internal.LocatingElementHandler.invoke(LocatingElementHandler.java:38)
at com.sun.proxy.$Proxy16.sendKeys(Unknown Source)
at POMObjectRepository.CreateNewOpportunity.CreateNewOpportunity(CreateNewOpportunity.java:49)
at TestCases.TC_31.CreateOrg(TC_31.java:28)
at sun.reflect.NativeMethodAccessorImpl.invoke0(Native Method)
at sun.reflect.NativeMethodAccessorImpl.invoke(Unknown Source)
at sun.reflect.DelegatingMethodAccessorImpl.invoke(Unknown Source)
at java.lang.reflect.Method.invoke(Unknown Source)
at org.testng.internal.MethodInvocationHelper.invokeMethod(MethodInvocationHelper.java:134)
at org.testng.internal.TestInvoker.invokeMethod(TestInvoker.java:597)
at org.testng.internal.TestInvoker.invokeTestMethod(TestInvoker.java:173)
at org.testng.internal.MethodRunner.runInSequence(MethodRunner.java:46)
at org.testng.internal.TestInvoker$MethodInvocationAgent.invoke(TestInvoker.java:816)
at org.testng.internal.TestInvoker.invokeTestMethods(TestInvoker.java:146)
at org.testng.internal.TestMethodWorker.invokeTestMethods(TestMethodWorker.java:146)
at org.testng.internal.TestMethodWorker.run(TestMethodWorker.java:128)
at java.util.ArrayList.forEach(Unknown Source)
at org.testng.TestRunner.privateRun(TestRunner.java:766)
at org.testng.TestRunner.run(TestRunner.java:587)
at org.testng.SuiteRunner.runTest(SuiteRunner.java:384)
at org.testng.SuiteRunner.runSequentially(SuiteRunner.java:378)
at org.testng.SuiteRunner.privateRun(SuiteRunner.java:337)
at org.testng.SuiteRunner.run(SuiteRunner.java:286)
at org.testng.SuiteRunnerWorker.runSuite(SuiteRunnerWorker.java:53)
at org.testng.SuiteRunnerWorker.run(SuiteRunnerWorker.java:96)
at org.testng.TestNG.runSuitesSequentially(TestNG.java:1187)
at org.testng.TestNG.runSuitesLocally(TestNG.java:1109)
at org.testng.TestNG.runSuites(TestNG.java:1039)
at org.testng.TestNG.run(TestNG.java:1007)
at org.testng.remote.AbstractRemoteTestNG.run(AbstractRemoteTestNG.java:115)
at org.testng.remote.RemoteTestNG.initAndRun(RemoteTestNG.java:251)
at org.testng.remote.RemoteTestNG.main(RemoteTestNG.java:77)
]]>
            </full-stacktrace>
          </exception> <!-- org.openqa.selenium.NoSuchElementException -->
          <reporter-output>
          </reporter-output>
        </test-method> <!-- CreateOrg -->
        <test-method status="PASS" signature="tearDown()[pri:0, instance:TestCases.TC_31@670b40af]" name="tearDown" is-config="true" duration-ms="1785" started-at="2021-05-06T16:52:32 IST" finished-at="2021-05-06T16:52:33 IST">
          <reporter-output>
          </reporter-output>
        </test-method> <!-- tearDown -->
        <test-method status="PASS" signature="ConfiqAC()[pri:0, instance:TestCases.TC_31@670b40af]" name="ConfiqAC" is-config="true" duration-ms="187" started-at="2021-05-06T16:52:33 IST" finished-at="2021-05-06T16:52:34 IST">
          <reporter-output>
          </reporter-output>
        </test-method> <!-- ConfiqAC -->
        <test-method status="PASS" signature="ConfiqAT()[pri:0, instance:TestCases.TC_31@670b40af]" name="ConfiqAT" is-config="true" duration-ms="1" started-at="2021-05-06T16:52:34 IST" finished-at="2021-05-06T16:52:34 IST">
          <reporter-output>
          </reporter-output>
        </test-method> <!-- ConfiqAT -->
        <test-method status="PASS" signature="ConfiqAS()[pri:0, instance:TestCases.TC_31@670b40af]" name="ConfiqAS" is-config="true" duration-ms="0" started-at="2021-05-06T16:52:34 IST" finished-at="2021-05-06T16:52:34 IST">
          <reporter-output>
          </reporter-output>
        </test-method> <!-- ConfiqAS -->
      </class> <!-- TestCases.TC_31 -->
    </test> <!-- Default test -->
  </suite> <!-- Default suite -->
</testng-results>
